[debug] [2022-01-20T10:04:28.046Z] ----------------------------------------------------------------------
[debug] [2022-01-20T10:04:28.050Z] Command:       C:\Users\Mememe\DOWNLO~1\firebase-tools-instant-win.exe C:\Users\Mememe\.cache\firebase\tools\lib\node_modules\firebase-tools\lib\bin\firebase init hosting
[debug] [2022-01-20T10:04:28.051Z] CLI Version:   10.1.1
[debug] [2022-01-20T10:04:28.051Z] Platform:      win32
[debug] [2022-01-20T10:04:28.051Z] Node Version:  v12.18.1
[debug] [2022-01-20T10:04:28.053Z] Time:          Thu Jan 20 2022 13:04:28 GMT+0300 (GMT+03:00)
[debug] [2022-01-20T10:04:28.053Z] ----------------------------------------------------------------------
[debug] 
[debug] [2022-01-20T10:04:28.070Z] > command requires scopes: ["email","openid","https://www.googleapis.com/auth/cloudplatformprojects.readonly","https://www.googleapis.com/auth/firebase","https://www.googleapis.com/auth/cloud-platform"]
[debug] [2022-01-20T10:04:28.070Z] > authorizing via signed-in user (ada514321@gmail.com)
[info] 
     ######## #### ########  ######## ########     ###     ######  ########
     ##        ##  ##     ## ##       ##     ##  ##   ##  ##       ##
     ######    ##  ########  ######   ########  #########  ######  ######
     ##        ##  ##    ##  ##       ##     ## ##     ##       ## ##
     ##       #### ##     ## ######## ########  ##     ##  ######  ########

You're about to initialize a Firebase project in this directory:

  C:\Users\Mememe\Desktop\web-page\landing_page

[info] 
=== Project Setup
[info] 
[info] First, let's associate this project directory with a Firebase project.
[info] You can create multiple project aliases by running firebase use --add, 
[info] but for now we'll just set up a default project.
[info] 
[info] i  If you want to create a project in a Google Cloud organization or folder, please use "firebase projects:create" instead, and return to this command when you've created the project. 
[debug] [2022-01-20T10:05:06.039Z] > refreshing access token with scopes: ["email","https://www.googleapis.com/auth/cloud-platform","https://www.googleapis.com/auth/cloudplatformprojects.readonly","https://www.googleapis.com/auth/firebase","openid"]
[debug] [2022-01-20T10:05:06.039Z] >>> HTTP REQUEST POST https://www.googleapis.com/oauth2/v3/token  
 <request body omitted>
[debug] [2022-01-20T10:05:06.233Z] <<< HTTP RESPONSE 200 {"date":"Thu, 20 Jan 2022 10:05:06 GMT","expires":"Mon, 01 Jan 1990 00:00:00 GMT","pragma":"no-cache","cache-control":"no-cache, no-store, max-age=0, must-revalidate","content-type":"application/json; charset=utf-8","vary":"X-Origin, Referer, Origin,Accept-Encoding","server":"scaffolding on HTTPServer2","x-xss-protection":"0","x-frame-options":"SAMEORIGIN","x-content-type-options":"nosniff","alt-svc":"h3=\":443\"; ma=2592000,h3-29=\":443\"; ma=2592000,h3-Q050=\":443\"; ma=2592000,h3-Q046=\":443\"; ma=2592000,h3-Q043=\":443\"; ma=2592000,quic=\":443\"; ma=2592000; v=\"46,43\"","accept-ranges":"none","transfer-encoding":"chunked"}
[debug] [2022-01-20T10:05:06.317Z] >>> HTTP REQUEST POST https://cloudresourcemanager.googleapis.com/v1/projects  
 {"projectId":"new2","name":"nwc"}
[debug] [2022-01-20T10:05:07.294Z] <<< HTTP RESPONSE 400 {"vary":"X-Origin, Referer, Origin,Accept-Encoding","content-type":"application/json; charset=UTF-8","date":"Thu, 20 Jan 2022 10:05:07 GMT","server":"ESF","cache-control":"private","x-xss-protection":"0","x-frame-options":"SAMEORIGIN","x-content-type-options":"nosniff","server-timing":"gfet4t7; dur=758","alt-svc":"h3=\":443\"; ma=2592000,h3-29=\":443\"; ma=2592000,h3-Q050=\":443\"; ma=2592000,h3-Q046=\":443\"; ma=2592000,h3-Q043=\":443\"; ma=2592000,quic=\":443\"; ma=2592000; v=\"46,43\"","accept-ranges":"none","transfer-encoding":"chunked"}
[debug] [2022-01-20T10:05:07.295Z] <<< HTTP RESPONSE BODY {"error":{"code":400,"message":"Request contains an invalid argument.","status":"INVALID_ARGUMENT","details":[{"@type":"type.googleapis.com/google.rpc.BadRequest","fieldViolations":[{"field":"project_id","description":"project_id must be at least 6 characters long"},{"field":"display_name","description":"project display name must be at least 4 characters"}]},{"@type":"type.googleapis.com/google.rpc.Help","links":[{"url":"https://cloud.google.com/resource-manager/reference/rest/v1/projects"}]}]}}
[debug] [2022-01-20T10:05:07.313Z] FirebaseError: HTTP Error: 400, Request contains an invalid argument.
    at module.exports (C:\Users\Mememe\.cache\firebase\tools\lib\node_modules\firebase-tools\lib\responseToError.js:38:12)
    at Request._callback (C:\Users\Mememe\.cache\firebase\tools\lib\node_modules\firebase-tools\lib\api.js:41:35)
    at Request.self.callback (C:\Users\Mememe\.cache\firebase\tools\lib\node_modules\firebase-tools\node_modules\request\request.js:185:22)
    at Request.emit (events.js:315:20)
    at Request.EventEmitter.emit (domain.js:482:12)
    at Request.<anonymous> (C:\Users\Mememe\.cache\firebase\tools\lib\node_modules\firebase-tools\node_modules\request\request.js:1161:10)
    at Request.emit (events.js:315:20)
    at Request.EventEmitter.emit (domain.js:482:12)
    at IncomingMessage.<anonymous> (C:\Users\Mememe\.cache\firebase\tools\lib\node_modules\firebase-tools\node_modules\request\request.js:1083:12)
    at Object.onceWrapper (events.js:421:28)
    at IncomingMessage.emit (events.js:327:22)
    at IncomingMessage.EventEmitter.emit (domain.js:482:12)
    at endReadableNT (_stream_readable.js:1221:12)
    at processTicksAndRejections (internal/process/task_queues.js:84:21)
[error] 
[error] Error: Failed to create project. See firebase-debug.log for more info.
[debug] [2022-01-20T10:07:01.291Z] ----------------------------------------------------------------------
[debug] [2022-01-20T10:07:01.297Z] Command:       C:\Users\Mememe\DOWNLO~1\firebase-tools-instant-win.exe C:\Users\Mememe\.cache\firebase\tools\lib\node_modules\firebase-tools\lib\bin\firebase init hosting
[debug] [2022-01-20T10:07:01.298Z] CLI Version:   10.1.1
[debug] [2022-01-20T10:07:01.298Z] Platform:      win32
[debug] [2022-01-20T10:07:01.298Z] Node Version:  v12.18.1
[debug] [2022-01-20T10:07:01.301Z] Time:          Thu Jan 20 2022 13:07:01 GMT+0300 (GMT+03:00)
[debug] [2022-01-20T10:07:01.301Z] ----------------------------------------------------------------------
[debug] 
[debug] [2022-01-20T10:07:01.331Z] > command requires scopes: ["email","openid","https://www.googleapis.com/auth/cloudplatformprojects.readonly","https://www.googleapis.com/auth/firebase","https://www.googleapis.com/auth/cloud-platform"]
[debug] [2022-01-20T10:07:01.332Z] > authorizing via signed-in user (ada514321@gmail.com)
[info] 
     ######## #### ########  ######## ########     ###     ######  ########
     ##        ##  ##     ## ##       ##     ##  ##   ##  ##       ##
     ######    ##  ########  ######   ########  #########  ######  ######
     ##        ##  ##    ##  ##       ##     ## ##     ##       ## ##
     ##       #### ##     ## ######## ########  ##     ##  ######  ########

You're about to initialize a Firebase project in this directory:

  C:\Users\Mememe\Desktop\web-page\landing_page

[info] 
=== Project Setup
[info] 
[info] First, let's associate this project directory with a Firebase project.
[info] You can create multiple project aliases by running firebase use --add, 
[info] but for now we'll just set up a default project.
[info] 
[info] i  If you want to create a project in a Google Cloud organization or folder, please use "firebase projects:create" instead, and return to this command when you've created the project. 
[debug] [2022-01-20T10:08:11.583Z] >>> HTTP REQUEST POST https://cloudresourcemanager.googleapis.com/v1/projects  
 {"projectId":"mylittleprojectname404","name":"mylittleprojectname404"}
[debug] [2022-01-20T10:08:13.321Z] <<< HTTP RESPONSE 200 {"content-type":"application/json; charset=UTF-8","vary":"X-Origin, Referer, Origin,Accept-Encoding","date":"Thu, 20 Jan 2022 10:08:13 GMT","server":"ESF","cache-control":"private","x-xss-protection":"0","x-frame-options":"SAMEORIGIN","x-content-type-options":"nosniff","server-timing":"gfet4t7; dur=901","alt-svc":"h3=\":443\"; ma=2592000,h3-29=\":443\"; ma=2592000,h3-Q050=\":443\"; ma=2592000,h3-Q046=\":443\"; ma=2592000,h3-Q043=\":443\"; ma=2592000,quic=\":443\"; ma=2592000; v=\"46,43\"","accept-ranges":"none","transfer-encoding":"chunked"}
[debug] [2022-01-20T10:08:13.337Z] > refreshing access token with scopes: []
[debug] [2022-01-20T10:08:13.338Z] >>> HTTP REQUEST POST https://www.googleapis.com/oauth2/v3/token  
 <request body omitted>
[debug] [2022-01-20T10:08:13.492Z] <<< HTTP RESPONSE 200 {"pragma":"no-cache","date":"Thu, 20 Jan 2022 10:08:14 GMT","expires":"Mon, 01 Jan 1990 00:00:00 GMT","cache-control":"no-cache, no-store, max-age=0, must-revalidate","content-type":"application/json; charset=utf-8","vary":"X-Origin, Referer, Origin,Accept-Encoding","server":"scaffolding on HTTPServer2","x-xss-protection":"0","x-frame-options":"SAMEORIGIN","x-content-type-options":"nosniff","alt-svc":"h3=\":443\"; ma=2592000,h3-29=\":443\"; ma=2592000,h3-Q050=\":443\"; ma=2592000,h3-Q046=\":443\"; ma=2592000,h3-Q043=\":443\"; ma=2592000,quic=\":443\"; ma=2592000; v=\"46,43\"","accept-ranges":"none","transfer-encoding":"chunked"}
[debug] [2022-01-20T10:08:13.591Z] >>> [apiv2][query] GET https://cloudresourcemanager.googleapis.com/v1/operations/cp.7564122715214219131 [none]
[debug] [2022-01-20T10:08:15.715Z] <<< [apiv2][status] GET https://cloudresourcemanager.googleapis.com/v1/operations/cp.7564122715214219131 200
[debug] [2022-01-20T10:08:15.716Z] <<< [apiv2][body] GET https://cloudresourcemanager.googleapis.com/v1/operations/cp.7564122715214219131 {"name":"operations/cp.7564122715214219131","metadata":{"@type":"type.googleapis.com/google.cloudresourcemanager.v1.ProjectCreationStatus","ready":true},"done":true,"error":{"code":9,"message":"Callers must accept Terms of Service","details":[{"@type":"type.googleapis.com/google.rpc.PreconditionFailure","violations":[{"type":"TOS","subject":"cloud","description":"Callers must accept Terms of Service"}]}]}}
[debug] [2022-01-20T10:08:15.729Z] FirebaseError: Callers must accept Terms of Service
    at OperationPoller.poll (C:\Users\Mememe\.cache\firebase\tools\lib\node_modules\firebase-tools\lib\operation-poller.js:24:19)
    at processTicksAndRejections (internal/process/task_queues.js:97:5)
    at async createCloudProject (C:\Users\Mememe\.cache\firebase\tools\lib\node_modules\firebase-tools\lib\management\projects.js:181:29)
    at async createFirebaseProjectAndLog (C:\Users\Mememe\.cache\firebase\tools\lib\node_modules\firebase-tools\lib\management\projects.js:46:9)
    at async promptAndCreateNewProject (C:\Users\Mememe\.cache\firebase\tools\lib\node_modules\firebase-tools\lib\init\features\project.js:32:12)
    at async Object.doSetup [as project] (C:\Users\Mememe\.cache\firebase\tools\lib\node_modules\firebase-tools\lib\init\features\project.js:88:27)
    at async init (C:\Users\Mememe\.cache\firebase\tools\lib\node_modules\firebase-tools\lib\init\index.js:19:9)
[error] 
[error] Error: Failed to create project. See firebase-debug.log for more info.
